<?xml version="1.0" encoding="UTF-8"?>
<testsuite name="third_api_test"
           tests="4"
           failures="1"
           errors="0"
           skipped="0"
           time="1.266">
  <properties />
            <testcase name="getHttpsTest2" time="0.466" classname="TestDemo">
                <failure type="java.lang.NullPointerException"
                  message="(null)"
              >
                    <![CDATA[java.lang.NullPointerException
  TestDemo.getHttpsTest2(TestDemo.java:78)
  sun.reflect.NativeMethodAccessorImpl.invoke0(Native Method)
  sun.reflect.NativeMethodAccessorImpl.invoke(NativeMethodAccessorImpl.java:62)
  sun.reflect.DelegatingMethodAccessorImpl.invoke(DelegatingMethodAccessorImpl.java:43)
  java.lang.reflect.Method.invoke(Method.java:498)
  org.testng.internal.MethodInvocationHelper.invokeMethod(MethodInvocationHelper.java:124)
  org.testng.internal.Invoker.invokeMethod(Invoker.java:583)
  org.testng.internal.Invoker.invokeTestMethod(Invoker.java:719)
  org.testng.internal.Invoker.invokeTestMethods(Invoker.java:989)
  org.testng.internal.TestMethodWorker.invokeTestMethods(TestMethodWorker.java:125)
  org.testng.internal.TestMethodWorker.run(TestMethodWorker.java:109)
  org.testng.TestRunner.privateRun(TestRunner.java:648)
  org.testng.TestRunner.run(TestRunner.java:505)
  org.testng.SuiteRunner.runTest(SuiteRunner.java:455)
  org.testng.SuiteRunner.runSequentially(SuiteRunner.java:450)
  org.testng.SuiteRunner.privateRun(SuiteRunner.java:415)
  org.testng.SuiteRunner.run(SuiteRunner.java:364)
  org.testng.SuiteRunnerWorker.runSuite(SuiteRunnerWorker.java:52)
  org.testng.SuiteRunnerWorker.run(SuiteRunnerWorker.java:84)
  org.testng.TestNG.runSuitesSequentially(TestNG.java:1208)
  org.testng.TestNG.runSuitesLocally(TestNG.java:1137)
  org.testng.TestNG.runSuites(TestNG.java:1049)
  org.testng.TestNG.run(TestNG.java:1017)
  org.testng.IDEARemoteTestNG.run(IDEARemoteTestNG.java:73)
  org.testng.RemoteTestNGStarter.main(RemoteTestNGStarter.java:123)
]]>
                </failure>

          </testcase>
  
  
            <testcase name="postTest2" time="0.168" classname="TestDemo" />
                <testcase name="postTest" time="0.189" classname="TestDemo" />
                <testcase name="getHttpsTest" time="0.443" classname="TestDemo" />
      
</testsuite>
