<?xml version="1.0" encoding="UTF-8"?>
<!-- Generated by org.testng.reporters.JUnitXMLReporter -->
<testsuite hostname="Lee.local" ignored="4" name="third_api_test" tests="1" failures="0" timestamp="07 May 2019 05:49:31 GMT" time="5.523" errors="0">
  <testcase name="updateExtendProperty" time="5.433" classname="com.maycur.thirdapitest.steps.auth.AuthStepDef"/>
  <testcase name="getHttpsTest2" time="0.0" classname="TestDemo">
    <ignored/>
  </testcase> <!-- getHttpsTest2 -->
  <testcase name="getHttpsTest" time="0.0" classname="TestDemo">
    <ignored/>
  </testcase> <!-- getHttpsTest -->
  <testcase name="postTest" time="0.0" classname="TestDemo">
    <ignored/>
  </testcase> <!-- postTest -->
  <testcase name="postTest2" time="0.0" classname="TestDemo">
    <ignored/>
  </testcase> <!-- postTest2 -->
</testsuite> <!-- third_api_test -->
