<?xml version="1.0" encoding="UTF-8"?>
<!-- Generated by org.testng.reporters.JUnitXMLReporter -->
<testsuite hostname="Lee.local" ignored="5" name="thirdApiTest" tests="1" failures="0" timestamp="27 May 2019 09:30:34 GMT" time="4.846" errors="0">
  <testcase name="saveRuleSetting" time="4.811" classname="com.maycur.thirdapitest.steps.ctrip.CtripStepDef"/>
  <testcase name="syncEmployee" time="0.0" classname="com.maycur.thirdapitest.steps.ctrip.CtripStepDef">
    <ignored/>
  </testcase> <!-- syncEmployee -->
  <testcase name="changeConfigure" time="0.0" classname="com.maycur.thirdapitest.steps.ctrip.CtripStepDef">
    <ignored/>
  </testcase> <!-- changeConfigure -->
  <testcase name="updateExtendProperty" time="0.0" classname="com.maycur.thirdapitest.steps.ctrip.CtripStepDef">
    <ignored/>
  </testcase> <!-- updateExtendProperty -->
  <testcase name="setSubAccountException" time="0.0" classname="com.maycur.thirdapitest.steps.ctrip.CtripStepDef">
    <ignored/>
  </testcase> <!-- setSubAccountException -->
  <testcase name="setConfirmPersonException" time="0.0" classname="com.maycur.thirdapitest.steps.ctrip.CtripStepDef">
    <ignored/>
  </testcase> <!-- setConfirmPersonException -->
</testsuite> <!-- thirdApiTest -->
