<?xml version="1.0" encoding="UTF-8"?>
<testng-results skipped="0" failed="0" ignored="4" total="5" passed="1">
  <reporter-output>
  </reporter-output>
  <suite name="Custom suite" duration-ms="5523" started-at="2019-05-07T05:49:25Z" finished-at="2019-05-07T05:49:30Z">
    <groups>
      <group name="humuzi">
        <method signature="ctripStepDef.updateExtendProperty()[pri:0, instance:com.maycur.thirdapitest.steps.auth.ctripStepDef@5700d6b1]" name="updateExtendProperty" class="com.maycur.thirdapitest.steps.auth.AuthStepDef"/>
      </group> <!-- humuzi -->
    </groups>
    <test name="third_api_test" duration-ms="5523" started-at="2019-05-07T05:49:25Z" finished-at="2019-05-07T05:49:30Z">
      <class name="com.maycur.thirdapitest.steps.auth.AuthStepDef">
        <test-method status="PASS" signature="updateExtendProperty()[pri:0, instance:com.maycur.thirdapitest.steps.auth.ctripStepDef@5700d6b1]" name="updateExtendProperty" duration-ms="5433" started-at="2019-05-07T05:49:25Z" finished-at="2019-05-07T05:49:30Z">
          <reporter-output>
          </reporter-output>
        </test-method> <!-- updateExtendProperty -->
      </class> <!-- com.maycur.thirdapitest.steps.authctripStepDef -->
    </test> <!-- third_api_test -->
  </suite> <!-- Custom suite -->
</testng-results>
