<?xml version="1.0" encoding="UTF-8"?>
<testng-results skipped="0" failed="0" ignored="5" total="6" passed="1">
  <reporter-output>
  </reporter-output>
  <suite name="Test suite" duration-ms="4846" started-at="2019-05-27T09:30:29Z" finished-at="2019-05-27T09:30:34Z">
    <groups>
      <group name="humuzi">
        <method signature="CtripStepDef.saveRuleSetting()[pri:0, instance:com.maycur.thirdapitest.steps.ctrip.CtripStepDef@4e1d422d]" name="saveRuleSetting" class="com.maycur.thirdapitest.steps.ctrip.CtripStepDef"/>
      </group> <!-- humuzi -->
    </groups>
    <test name="thirdApiTest" duration-ms="4846" started-at="2019-05-27T09:30:29Z" finished-at="2019-05-27T09:30:34Z">
      <class name="com.maycur.thirdapitest.steps.ctrip.CtripStepDef">
        <test-method status="PASS" signature="saveRuleSetting()[pri:0, instance:com.maycur.thirdapitest.steps.ctrip.CtripStepDef@4e1d422d]" name="saveRuleSetting" duration-ms="4811" started-at="2019-05-27T09:30:29Z" finished-at="2019-05-27T09:30:34Z">
          <reporter-output>
          </reporter-output>
        </test-method> <!-- saveRuleSetting -->
      </class> <!-- com.maycur.thirdapitest.steps.ctrip.CtripStepDef -->
    </test> <!-- thirdApiTest -->
  </suite> <!-- Test suite -->
</testng-results>
